0 verbose cli /Users/markkwon/.nvm/versions/node/v20.15.1/bin/node /Users/markkwon/.nvm/versions/node/v20.15.1/bin/npm
1 info using npm@10.7.0
2 info using node@v20.15.1
3 silly config:load:file:/Users/markkwon/.nvm/versions/node/v20.15.1/lib/node_modules/npm/npmrc
4 silly config:load:file:/Users/markkwon/Documents/nyant-coin/.npmrc
5 silly config:load:file:/Users/markkwon/.npmrc
6 silly config:load:file:/Users/markkwon/.nvm/versions/node/v20.15.1/etc/npmrc
7 verbose title npm run lint
8 verbose argv "run" "lint" "--cache" "-fix"
9 verbose logfile logs-max:10 dir:/Users/markkwon/Documents/nyant-coin/-fix/_logs/2024-10-15T12_07_25_121Z-
10 verbose logfile /Users/markkwon/Documents/nyant-coin/-fix/_logs/2024-10-15T12_07_25_121Z-debug-0.log
11 silly logfile done cleaning log files
12 http fetch GET 200 https://registry.npmjs.org/npm 358ms
13 notice
13 notice New [33mminor[39m version of npm available! [33m10.7.0[39m -> [34m10.9.0[39m
13 notice Changelog: [34mhttps://github.com/npm/cli/releases/tag/v10.9.0[39m
13 notice To update run: [4mnpm install -g npm@10.9.0[24m
13 notice  { force: true, [Symbol(proc-log.meta)]: true }
14 verbose exit 1
15 verbose code 1
